<?xml version="1.0" encoding="UTF-8"?>
<testsuite xmlns:xsi="http://www.w3.org/2001/XMLSchema-instance" xsi:noNamespaceSchemaLocation="https://maven.apache.org/surefire/maven-surefire-plugin/xsd/surefire-test-report-3.0.xsd" version="3.0" name="TestSuite" time="3.229" tests="6" errors="0" skipped="0" failures="0">
  <properties>
    <property name="java.specification.version" value="18"/>
    <property name="sun.cpu.isalist" value="amd64"/>
    <property name="sun.jnu.encoding" value="Cp1252"/>
    <property name="java.class.path" value="D:\Demo Souza\RestAssuredProject\target\test-classes;D:\Demo Souza\RestAssuredProject\target\classes;C:\Users\Shubhangi\.m2\repository\org\testng\testng\6.14.3\testng-6.14.3.jar;C:\Users\Shubhangi\.m2\repository\com\beust\jcommander\1.72\jcommander-1.72.jar;C:\Users\Shubhangi\.m2\repository\org\apache-extras\beanshell\bsh\2.0b6\bsh-2.0b6.jar;C:\Users\Shubhangi\.m2\repository\io\rest-assured\rest-assured\4.3.1\rest-assured-4.3.1.jar;C:\Users\Shubhangi\.m2\repository\org\codehaus\groovy\groovy\3.0.3\groovy-3.0.3.jar;C:\Users\Shubhangi\.m2\repository\org\codehaus\groovy\groovy-xml\3.0.3\groovy-xml-3.0.3.jar;C:\Users\Shubhangi\.m2\repository\org\apache\httpcomponents\httpclient\4.5.3\httpclient-4.5.3.jar;C:\Users\Shubhangi\.m2\repository\org\apache\httpcomponents\httpcore\4.4.6\httpcore-4.4.6.jar;C:\Users\Shubhangi\.m2\repository\commons-logging\commons-logging\1.2\commons-logging-1.2.jar;C:\Users\Shubhangi\.m2\repository\commons-codec\commons-codec\1.9\commons-codec-1.9.jar;C:\Users\Shubhangi\.m2\repository\org\apache\httpcomponents\httpmime\4.5.3\httpmime-4.5.3.jar;C:\Users\Shubhangi\.m2\repository\org\hamcrest\hamcrest\2.1\hamcrest-2.1.jar;C:\Users\Shubhangi\.m2\repository\org\ccil\cowan\tagsoup\tagsoup\1.2.1\tagsoup-1.2.1.jar;C:\Users\Shubhangi\.m2\repository\io\rest-assured\xml-path\4.3.1\xml-path-4.3.1.jar;C:\Users\Shubhangi\.m2\repository\org\apache\commons\commons-lang3\3.4\commons-lang3-3.4.jar;C:\Users\Shubhangi\.m2\repository\jakarta\xml\bind\jakarta.xml.bind-api\2.3.3\jakarta.xml.bind-api-2.3.3.jar;C:\Users\Shubhangi\.m2\repository\jakarta\activation\jakarta.activation-api\1.2.2\jakarta.activation-api-1.2.2.jar;C:\Users\Shubhangi\.m2\repository\com\sun\xml\bind\jaxb-impl\2.3.3\jaxb-impl-2.3.3.jar;C:\Users\Shubhangi\.m2\repository\io\rest-assured\json-path\4.3.1\json-path-4.3.1.jar;C:\Users\Shubhangi\.m2\repository\org\codehaus\groovy\groovy-json\3.0.3\groovy-json-3.0.3.jar;C:\Users\Shubhangi\.m2\repository\io\rest-assured\rest-assured-common\4.3.1\rest-assured-common-4.3.1.jar;C:\Users\Shubhangi\.m2\repository\io\rest-assured\json-schema-validator\4.3.1\json-schema-validator-4.3.1.jar;C:\Users\Shubhangi\.m2\repository\com\github\java-json-tools\json-schema-validator\2.2.10\json-schema-validator-2.2.10.jar;C:\Users\Shubhangi\.m2\repository\com\github\java-json-tools\json-schema-core\1.2.10\json-schema-core-1.2.10.jar;C:\Users\Shubhangi\.m2\repository\com\github\java-json-tools\jackson-coreutils\1.9\jackson-coreutils-1.9.jar;C:\Users\Shubhangi\.m2\repository\com\fasterxml\jackson\core\jackson-databind\2.2.3\jackson-databind-2.2.3.jar;C:\Users\Shubhangi\.m2\repository\com\fasterxml\jackson\core\jackson-annotations\2.2.3\jackson-annotations-2.2.3.jar;C:\Users\Shubhangi\.m2\repository\com\fasterxml\jackson\core\jackson-core\2.2.3\jackson-core-2.2.3.jar;C:\Users\Shubhangi\.m2\repository\com\google\guava\guava\16.0.1\guava-16.0.1.jar;C:\Users\Shubhangi\.m2\repository\com\github\fge\msg-simple\1.1\msg-simple-1.1.jar;C:\Users\Shubhangi\.m2\repository\com\github\fge\btf\1.2\btf-1.2.jar;C:\Users\Shubhangi\.m2\repository\com\github\fge\uri-template\0.9\uri-template-0.9.jar;C:\Users\Shubhangi\.m2\repository\org\mozilla\rhino\1.7.7.1\rhino-1.7.7.1.jar;C:\Users\Shubhangi\.m2\repository\javax\mail\mailapi\1.4.3\mailapi-1.4.3.jar;C:\Users\Shubhangi\.m2\repository\javax\activation\activation\1.1\activation-1.1.jar;C:\Users\Shubhangi\.m2\repository\joda-time\joda-time\2.9.7\joda-time-2.9.7.jar;C:\Users\Shubhangi\.m2\repository\com\googlecode\libphonenumber\libphonenumber\8.0.0\libphonenumber-8.0.0.jar;C:\Users\Shubhangi\.m2\repository\com\google\code\findbugs\jsr305\3.0.1\jsr305-3.0.1.jar;C:\Users\Shubhangi\.m2\repository\net\sf\jopt-simple\jopt-simple\5.0.3\jopt-simple-5.0.3.jar;C:\Users\Shubhangi\.m2\repository\org\json\json\20210307\json-20210307.jar;"/>
    <property name="java.vm.vendor" value="Oracle Corporation"/>
    <property name="sun.arch.data.model" value="64"/>
    <property name="user.variant" value=""/>
    <property name="java.vendor.url" value="https://java.oracle.com/"/>
    <property name="user.timezone" value="Asia/Calcutta"/>
    <property name="os.name" value="Windows 11"/>
    <property name="java.vm.specification.version" value="18"/>
    <property name="sun.java.launcher" value="SUN_STANDARD"/>
    <property name="user.country" value="IN"/>
    <property name="sun.boot.library.path" value="C:\Program Files\Java\jdk-18.0.1.1\bin"/>
    <property name="sun.java.command" value="C:\Windows\Temp\surefire13707936995650703753\surefirebooter11862100022142307255.jar C:\Windows\Temp\surefire13707936995650703753 2024-03-24T21-19-24_256-jvmRun1 surefire8396165172983236881tmp surefire_01581761424364871295tmp"/>
    <property name="jdk.debug" value="release"/>
    <property name="surefire.test.class.path" value="D:\Demo Souza\RestAssuredProject\target\test-classes;D:\Demo Souza\RestAssuredProject\target\classes;C:\Users\Shubhangi\.m2\repository\org\testng\testng\6.14.3\testng-6.14.3.jar;C:\Users\Shubhangi\.m2\repository\com\beust\jcommander\1.72\jcommander-1.72.jar;C:\Users\Shubhangi\.m2\repository\org\apache-extras\beanshell\bsh\2.0b6\bsh-2.0b6.jar;C:\Users\Shubhangi\.m2\repository\io\rest-assured\rest-assured\4.3.1\rest-assured-4.3.1.jar;C:\Users\Shubhangi\.m2\repository\org\codehaus\groovy\groovy\3.0.3\groovy-3.0.3.jar;C:\Users\Shubhangi\.m2\repository\org\codehaus\groovy\groovy-xml\3.0.3\groovy-xml-3.0.3.jar;C:\Users\Shubhangi\.m2\repository\org\apache\httpcomponents\httpclient\4.5.3\httpclient-4.5.3.jar;C:\Users\Shubhangi\.m2\repository\org\apache\httpcomponents\httpcore\4.4.6\httpcore-4.4.6.jar;C:\Users\Shubhangi\.m2\repository\commons-logging\commons-logging\1.2\commons-logging-1.2.jar;C:\Users\Shubhangi\.m2\repository\commons-codec\commons-codec\1.9\commons-codec-1.9.jar;C:\Users\Shubhangi\.m2\repository\org\apache\httpcomponents\httpmime\4.5.3\httpmime-4.5.3.jar;C:\Users\Shubhangi\.m2\repository\org\hamcrest\hamcrest\2.1\hamcrest-2.1.jar;C:\Users\Shubhangi\.m2\repository\org\ccil\cowan\tagsoup\tagsoup\1.2.1\tagsoup-1.2.1.jar;C:\Users\Shubhangi\.m2\repository\io\rest-assured\xml-path\4.3.1\xml-path-4.3.1.jar;C:\Users\Shubhangi\.m2\repository\org\apache\commons\commons-lang3\3.4\commons-lang3-3.4.jar;C:\Users\Shubhangi\.m2\repository\jakarta\xml\bind\jakarta.xml.bind-api\2.3.3\jakarta.xml.bind-api-2.3.3.jar;C:\Users\Shubhangi\.m2\repository\jakarta\activation\jakarta.activation-api\1.2.2\jakarta.activation-api-1.2.2.jar;C:\Users\Shubhangi\.m2\repository\com\sun\xml\bind\jaxb-impl\2.3.3\jaxb-impl-2.3.3.jar;C:\Users\Shubhangi\.m2\repository\io\rest-assured\json-path\4.3.1\json-path-4.3.1.jar;C:\Users\Shubhangi\.m2\repository\org\codehaus\groovy\groovy-json\3.0.3\groovy-json-3.0.3.jar;C:\Users\Shubhangi\.m2\repository\io\rest-assured\rest-assured-common\4.3.1\rest-assured-common-4.3.1.jar;C:\Users\Shubhangi\.m2\repository\io\rest-assured\json-schema-validator\4.3.1\json-schema-validator-4.3.1.jar;C:\Users\Shubhangi\.m2\repository\com\github\java-json-tools\json-schema-validator\2.2.10\json-schema-validator-2.2.10.jar;C:\Users\Shubhangi\.m2\repository\com\github\java-json-tools\json-schema-core\1.2.10\json-schema-core-1.2.10.jar;C:\Users\Shubhangi\.m2\repository\com\github\java-json-tools\jackson-coreutils\1.9\jackson-coreutils-1.9.jar;C:\Users\Shubhangi\.m2\repository\com\fasterxml\jackson\core\jackson-databind\2.2.3\jackson-databind-2.2.3.jar;C:\Users\Shubhangi\.m2\repository\com\fasterxml\jackson\core\jackson-annotations\2.2.3\jackson-annotations-2.2.3.jar;C:\Users\Shubhangi\.m2\repository\com\fasterxml\jackson\core\jackson-core\2.2.3\jackson-core-2.2.3.jar;C:\Users\Shubhangi\.m2\repository\com\google\guava\guava\16.0.1\guava-16.0.1.jar;C:\Users\Shubhangi\.m2\repository\com\github\fge\msg-simple\1.1\msg-simple-1.1.jar;C:\Users\Shubhangi\.m2\repository\com\github\fge\btf\1.2\btf-1.2.jar;C:\Users\Shubhangi\.m2\repository\com\github\fge\uri-template\0.9\uri-template-0.9.jar;C:\Users\Shubhangi\.m2\repository\org\mozilla\rhino\1.7.7.1\rhino-1.7.7.1.jar;C:\Users\Shubhangi\.m2\repository\javax\mail\mailapi\1.4.3\mailapi-1.4.3.jar;C:\Users\Shubhangi\.m2\repository\javax\activation\activation\1.1\activation-1.1.jar;C:\Users\Shubhangi\.m2\repository\joda-time\joda-time\2.9.7\joda-time-2.9.7.jar;C:\Users\Shubhangi\.m2\repository\com\googlecode\libphonenumber\libphonenumber\8.0.0\libphonenumber-8.0.0.jar;C:\Users\Shubhangi\.m2\repository\com\google\code\findbugs\jsr305\3.0.1\jsr305-3.0.1.jar;C:\Users\Shubhangi\.m2\repository\net\sf\jopt-simple\jopt-simple\5.0.3\jopt-simple-5.0.3.jar;C:\Users\Shubhangi\.m2\repository\org\json\json\20210307\json-20210307.jar;"/>
    <property name="sun.cpu.endian" value="little"/>
    <property name="user.home" value="C:\Users\Shubhangi"/>
    <property name="user.language" value="en"/>
    <property name="java.specification.vendor" value="Oracle Corporation"/>
    <property name="java.version.date" value="2022-04-22"/>
    <property name="java.home" value="C:\Program Files\Java\jdk-18.0.1.1"/>
    <property name="file.separator" value="\"/>
    <property name="basedir" value="D:\Demo Souza\RestAssuredProject"/>
    <property name="java.vm.compressedOopsMode" value="32-bit"/>
    <property name="line.separator" value="&#10;"/>
    <property name="java.vm.specification.vendor" value="Oracle Corporation"/>
    <property name="java.specification.name" value="Java Platform API Specification"/>
    <property name="surefire.real.class.path" value="C:\Windows\Temp\surefire13707936995650703753\surefirebooter11862100022142307255.jar"/>
    <property name="user.script" value=""/>
    <property name="sun.management.compiler" value="HotSpot 64-Bit Tiered Compilers"/>
    <property name="java.runtime.version" value="18.0.1.1+2-6"/>
    <property name="user.name" value="Shubhangi"/>
    <property name="path.separator" value=";"/>
    <property name="os.version" value="10.0"/>
    <property name="java.runtime.name" value="Java(TM) SE Runtime Environment"/>
    <property name="file.encoding" value="UTF-8"/>
    <property name="java.vm.name" value="Java HotSpot(TM) 64-Bit Server VM"/>
    <property name="localRepository" value="C:\Users\Shubhangi\.m2\repository"/>
    <property name="java.vendor.url.bug" value="https://bugreport.java.com/bugreport/"/>
    <property name="java.io.tmpdir" value="C:\WINDOWS\TEMP\"/>
    <property name="java.version" value="18.0.1.1"/>
    <property name="user.dir" value="D:\Demo Souza\RestAssuredProject"/>
    <property name="os.arch" value="amd64"/>
    <property name="java.vm.specification.name" value="Java Virtual Machine Specification"/>
    <property name="sun.os.patch.level" value=""/>
    <property name="native.encoding" value="Cp1252"/>
    <property name="java.library.path" value="C:\Program Files\Java\jdk-18.0.1.1\bin;C:\WINDOWS\Sun\Java\bin;C:\WINDOWS\system32;C:\WINDOWS;C:\Program Files\MySQL\MySQL Server 8.0\bin;C:\Program Files\NVIDIA Corporation\NVIDIA NvDLISR;C:\Program Files (x86)\Microsoft SQL Server\160\Tools\Binn\;C:\Program Files\Microsoft SQL Server\160\Tools\Binn\;C:\Program Files\Microsoft SQL Server\Client SDK\ODBC\170\Tools\Binn\;C:\Program Files\Microsoft SQL Server\160\DTS\Binn\;C:\Program Files (x86)\Microsoft SQL Server\160\DTS\Binn\;C:\Program Files\nodejs\;C:\Maven\apache-maven-3.9.6\bin;C:\Program Files\dotnet\;C:\Program Files\Git\cmd;C:\Program Files\MySQL\MySQL Shell 8.0\bin\;C:\Program Files\Java\jdk-18.0.1.1\bin;;C:\Users\Shubhangi\AppData\Local\Microsoft\WindowsApps;C:\Users\Shubhangi\AppData\Local\Programs\Microsoft VS Code\bin;C:\Program Files\Azure Data Studio\bin;C:\Users\Shubhangi\AppData\Roaming\npm;."/>
    <property name="java.vm.info" value="mixed mode, sharing"/>
    <property name="java.vendor" value="Oracle Corporation"/>
    <property name="java.vm.version" value="18.0.1.1+2-6"/>
    <property name="sun.io.unicode.encoding" value="UnicodeLittle"/>
    <property name="java.class.version" value="62.0"/>
  </properties>
  <testcase name="DeleteOperationWithQueryParameters" classname="RestAPIBDD.APIOperationsTest" time="1.213">
    <system-out><![CDATA[[TestNGContentHandler] [WARN] It is strongly recommended to add "<!DOCTYPE suite SYSTEM "http://testng.org/testng-1.0.dtd" >" at the top of your file, otherwise TestNG may fail or not work as expected.
Not Found
]]></system-out>
  </testcase>
  <testcase name="PostOperationWithHashMap" classname="RestAPIBDD.APIOperationsTest" time="0.245">
    <system-out><![CDATA[{
    "id": "37f5",
    "name": "Samuel",
    "salary": "7600"
}
]]></system-out>
  </testcase>
  <testcase name="PutOperationWithQueryParameters" classname="RestAPIBDD.APIOperationsTest" time="0.022">
    <system-out><![CDATA[{
    "name": "Samu",
    "salary": "7000",
    "id": "de12"
}
]]></system-out>
  </testcase>
  <testcase name="getOperation" classname="RestAPIBDD.APIOperationsTest" time="0.023">
    <system-out><![CDATA[[
    {
        "id": "1",
        "name": "Pankaj",
        "salary": "10000"
    },
    {
        "name": "David",
        "salary": "5000",
        "id": "2"
    },
    {
        "id": "d69d",
        "name": "Antonella",
        "salary": "30000"
    },
    {
        "id": "3",
        "name": "Demo",
        "salary": "30000"
    },
    {
        "id": "4",
        "name": "Sane",
        "salary": "40000"
    },
    {
        "id": "d141",
        "firstName": "Jasmin",
        "lastName": "Hill",
        "salary": 10000,
        "email": "Jasmin@gmail.com"
    },
    {
        "id": "b09d",
        "firstName": "Sehan",
        "lastName": "Summer",
        "salary": 15000,
        "email": "Sehan@gmail.com"
    },
    {
        "id": "cc0c",
        "name": "Viraj",
        "salary": "7600"
    },
    {
        "id": "9f5b",
        "name": "Savita",
        "salary": "7600"
    },
    {
        "id": "bdf5",
        "name": "Savita",
        "salary": "7600"
    },
    {
        "id": "b74e",
        "name": "Savita",
        "salary": "7600"
    },
    {
        "name": "Samu",
        "salary": "7000",
        "id": "de12"
    },
    {
        "id": "7b2b",
        "name": "Samuel",
        "salary": "7600"
    },
    {
        "id": "4a38",
        "name": "Samuel",
        "salary": "7600"
    },
    {
        "id": "7828",
        "name": "Samuel",
        "salary": "7600"
    },
    {
        "id": "37f5",
        "name": "Samuel",
        "salary": "7600"
    }
]
]]></system-out>
  </testcase>
  <testcase name="getOperationWithParams" classname="RestAPIBDD.APIOperationsTest" time="0.421">
    <system-out><![CDATA[{
    "id": "d141",
    "firstName": "Jasmin",
    "lastName": "Hill",
    "salary": 10000,
    "email": "Jasmin@gmail.com"
}
]]></system-out>
  </testcase>
  <testcase name="getOperationWithQueryParams" classname="RestAPIBDD.APIOperationsTest" time="0.953">
    <system-out><![CDATA[<html>
  <body>{"result:":{"statements":[{"TRANSACTION_ID":"12","ACCOUNT_NO":"1","DATE_OF_TRANSACTION":"2013-11-16","AMOUNT":"500","TRANSACTION_TYPE":"D","DESCRIPTION":"Initial Deposit"},{"TRANSACTION_ID":"23","ACCOUNT_NO":"1","DATE_OF_TRANSACTION":"2013-11-17","AMOUNT":"14","TRANSACTION_TYPE":"t","DESCRIPTION":"yi Tansfer From 14"},{"TRANSACTION_ID":"25","ACCOUNT_NO":"1","DATE_OF_TRANSACTION":"2013-11-18","AMOUNT":"1","TRANSACTION_TYPE":"t","DESCRIPTION":"hgg Tansfer From 15"},{"TRANSACTION_ID":"49745","ACCOUNT_NO":"1","DATE_OF_TRANSACTION":"2017-04-13","AMOUNT":"0","TRANSACTION_TYPE":"t","DESCRIPTION":"0 Tansfer From 1"},{"TRANSACTION_ID":"94867","ACCOUNT_NO":"1","DATE_OF_TRANSACTION":"2018-11-21","AMOUNT":"500","TRANSACTION_TYPE":"t","DESCRIPTION":"cash Tansfer From 14"}]},"message":{"ErrorCode:":0,"ErrorMsg:":"Success"}}</body>
</html>
]]></system-out>
  </testcase>
</testsuite>