<?xml version="1.0" encoding="UTF-8"?>
<!-- Generated by org.testng.reporters.JUnitReportReporter -->
<testsuite hostname="Kombe-Laptop" failures="0" tests="1" name="RestAPI.GetRequest" time="1.591" errors="0" timestamp="2024-02-25T18:35:31 IST" skipped="0">
  <testcase classname="RestAPI.GetRequest" name="test1" time="1.591"/>
  <system-out/>
</testsuite> <!-- RestAPI.GetRequest -->
