<?xml version="1.0" encoding="UTF-8"?>
<!-- Generated by org.testng.reporters.JUnitReportReporter -->
<testsuite hostname="Kombe-Laptop" failures="0" tests="1" name="RestAPI.PostRequestWithMap" time="1.323" errors="0" timestamp="2024-02-25T19:01:50 IST" skipped="0">
  <testcase classname="RestAPI.PostRequestWithMap" name="test" time="1.323"/>
  <system-out/>
</testsuite> <!-- RestAPI.PostRequestWithMap -->
