<?xml version="1.0" encoding="UTF-8"?>
<!-- Generated by org.testng.reporters.JUnitReportReporter -->
<testsuite hostname="Kombe-Laptop" failures="0" tests="1" name="com.simplilearn.Phase3Project2RestAssured.List_Users" time="4.229" errors="0" timestamp="14 Apr 2024 08:32:24 GMT" skipped="0">
  <testcase classname="com.simplilearn.Phase3Project2RestAssured.List_Users" name="test1" time="4.229"/>
</testsuite> <!-- com.simplilearn.Phase3Project2RestAssured.List_Users -->
