<?xml version="1.0" encoding="UTF-8"?>
<!-- Generated by org.testng.reporters.JUnitReportReporter -->
<testsuite hostname="Kombe-Laptop" failures="0" tests="1" name="RestAPI.GetRequestWithParam" time="1.491" errors="0" timestamp="2024-02-25T18:09:07 IST" skipped="0">
  <testcase classname="RestAPI.GetRequestWithParam" name="test" time="1.491"/>
  <system-out/>
</testsuite> <!-- RestAPI.GetRequestWithParam -->
