<?xml version="1.0" encoding="UTF-8"?>
<!-- Generated by org.testng.reporters.JUnitReportReporter -->
<testsuite hostname="Kombe-Laptop" failures="0" tests="1" name="gitHub.GetAllRepo" time="2.657" errors="0" timestamp="2024-03-03T13:20:22 IST" skipped="0">
  <testcase classname="gitHub.GetAllRepo" name="test" time="2.657"/>
  <system-out/>
</testsuite> <!-- gitHub.GetAllRepo -->
