<?xml version="1.0" encoding="UTF-8"?>
<!-- Generated by org.testng.reporters.JUnitReportReporter -->
<testsuite hostname="Kombe-Laptop" failures="0" tests="6" name="RestAPIBDD.APIOperationsTest" time="2.747" errors="0" timestamp="2024-03-24T20:57:10 IST" skipped="0">
  <testcase classname="RestAPIBDD.APIOperationsTest" name="getOperationWithQueryParams" time="0.925"/>
  <system-out/>
  <testcase classname="RestAPIBDD.APIOperationsTest" name="PutOperationWithQueryParameters" time="0.023"/>
  <system-out/>
  <testcase classname="RestAPIBDD.APIOperationsTest" name="getOperationWithParams" time="0.395"/>
  <system-out/>
  <testcase classname="RestAPIBDD.APIOperationsTest" name="getOperation" time="0.060"/>
  <system-out/>
  <testcase classname="RestAPIBDD.APIOperationsTest" name="PostOperationWithHashMap" time="0.217"/>
  <system-out/>
  <testcase classname="RestAPIBDD.APIOperationsTest" name="DeleteOperationWithQueryParameters" time="1.127"/>
  <system-out/>
</testsuite> <!-- RestAPIBDD.APIOperationsTest -->
