<?xml version="1.0" encoding="UTF-8"?>
<!-- Generated by org.testng.reporters.JUnitReportReporter -->
<testsuite hostname="Kombe-Laptop" failures="0" tests="1" name="RestAPI.DeleteRequest" time="1.069" errors="0" timestamp="2024-02-25T19:44:37 IST" skipped="0">
  <testcase classname="RestAPI.DeleteRequest" name="test" time="1.069"/>
  <system-out/>
</testsuite> <!-- RestAPI.DeleteRequest -->
