<?xml version="1.0" encoding="UTF-8"?>
<!-- Generated by org.testng.reporters.JUnitReportReporter -->
<testsuite hostname="Kombe-Laptop" failures="0" tests="1" name="gitHub.DeleteRepo" time="2.834" errors="0" timestamp="2024-03-10T11:33:36 IST" skipped="0">
  <testcase classname="gitHub.DeleteRepo" name="test" time="2.834"/>
  <system-out/>
</testsuite> <!-- gitHub.DeleteRepo -->
