<?xml version="1.0" encoding="UTF-8"?>
<!-- Generated by org.testng.reporters.JUnitReportReporter -->
<testsuite hostname="Kombe-Laptop" failures="0" tests="1" name="RestAPI.PostRequestWithJsonFile" time="1.097" errors="0" timestamp="2024-02-25T19:18:01 IST" skipped="0">
  <testcase classname="RestAPI.PostRequestWithJsonFile" name="test" time="1.097"/>
  <system-out/>
</testsuite> <!-- RestAPI.PostRequestWithJsonFile -->
