<?xml version="1.0" encoding="UTF-8"?>
<!-- Generated by org.testng.reporters.JUnitReportReporter -->
<testsuite hostname="Kombe-Laptop" failures="0" tests="1" name="RestAPI.PostRequest" time="1.904" errors="0" timestamp="2024-02-25T18:48:02 IST" skipped="0">
  <testcase classname="RestAPI.PostRequest" name="test" time="1.904"/>
  <system-out/>
</testsuite> <!-- RestAPI.PostRequest -->
