<?xml version="1.0" encoding="UTF-8"?>
<!-- Generated by org.testng.reporters.JUnitReportReporter -->
<testsuite hostname="Kombe-Laptop" failures="0" tests="1" name="RestAPI.XMLTest" time="1.640" errors="0" timestamp="2024-02-25T20:08:41 IST" skipped="0">
  <testcase classname="RestAPI.XMLTest" name="test1" time="1.640"/>
  <system-out/>
</testsuite> <!-- RestAPI.XMLTest -->
