<?xml version="1.0" encoding="UTF-8"?>
<!-- Generated by org.testng.reporters.JUnitReportReporter -->
<testsuite hostname="Kombe-Laptop" failures="0" tests="1" name="RestAPI.PutRequest" time="1.255" errors="0" timestamp="2024-02-25T19:35:17 IST" skipped="0">
  <testcase classname="RestAPI.PutRequest" name="test" time="1.255"/>
  <system-out/>
</testsuite> <!-- RestAPI.PutRequest -->
