<?xml version="1.0" encoding="UTF-8"?>
<!-- Generated by org.testng.reporters.JUnitReportReporter -->
<testsuite hostname="Kombe-Laptop" failures="0" tests="1" name="gitHub.CreateRepo" time="2.438" errors="0" timestamp="2024-03-10T11:23:46 IST" skipped="0">
  <testcase classname="gitHub.CreateRepo" name="test" time="2.438"/>
  <system-out/>
</testsuite> <!-- gitHub.CreateRepo -->
