<?xml version="1.0" encoding="UTF-8"?>
<!-- Generated by org.testng.reporters.JUnitReportReporter -->
<testsuite hostname="Kombe-Laptop" failures="0" tests="1" name="RestApiXML.XMLTest" time="3.333" errors="0" timestamp="2024-03-03T12:56:36 IST" skipped="0">
  <testcase classname="RestApiXML.XMLTest" name="test" time="3.333"/>
  <system-out/>
</testsuite> <!-- RestApiXML.XMLTest -->
