<?xml version="1.0" encoding="UTF-8"?>
<!-- Generated by org.testng.reporters.JUnitReportReporter -->
<testsuite hostname="Kombe-Laptop" failures="0" tests="6" name="RestAPIBDD.APIOperationsTest" time="2.877" errors="0" timestamp="24 Mar 2024 15:49:28 GMT" skipped="0">
  <testcase classname="RestAPIBDD.APIOperationsTest" name="PostOperationWithHashMap" time="0.246"/>
  <testcase classname="RestAPIBDD.APIOperationsTest" name="PutOperationWithQueryParameters" time="0.023"/>
  <testcase classname="RestAPIBDD.APIOperationsTest" name="getOperation" time="0.021"/>
  <testcase classname="RestAPIBDD.APIOperationsTest" name="getOperationWithParams" time="0.422"/>
  <testcase classname="RestAPIBDD.APIOperationsTest" name="DeleteOperationWithQueryParameters" time="1.213"/>
  <testcase classname="RestAPIBDD.APIOperationsTest" name="getOperationWithQueryParams" time="0.952"/>
</testsuite> <!-- RestAPIBDD.APIOperationsTest -->
